04/02/2020, 11:31:16    50    https://glosbe.com/vi/en/-
04/02/2020, 11:33:15    0    https://glosbe.com/vi/en/-%E6%84%9F%E8%87%AA%E5%8D%91
04/02/2020, 11:34:53    0    https://glosbe.com/vi/en/%3B
04/02/2020, 11:36:33    0    https://glosbe.com/vi/en/.ex
04/02/2020, 11:37:41    0    https://glosbe.com/vi/en/%E2%80%99d%CA%A4emineit%252F
04/02/2020, 11:37:50    0    https://glosbe.com/vi/en/%E2%80%99estimeit%252F
04/02/2020, 11:38:35    0    https://glosbe.com/vi/en/%E2%80%99k%C9%94nsikreit%252F
04/02/2020, 11:40:45    49    https://glosbe.com/vi/en/%22%20M%E1%BB%93%20h%C3%B4i%22
04/02/2020, 11:43:56    47    https://glosbe.com/vi/en/%22b%C6%B0%E1%BB%9Bc%20sang%20trang%20m%E1%BB%9Bi%22
04/02/2020, 11:44:40    50    https://glosbe.com/vi/en/%22%C4%91%C3%B3ng%20k%E1%BB%8Bch%22
04/02/2020, 11:45:43    47    https://glosbe.com/vi/en/%22b%C3%A0%20x%C3%A3%22
04/02/2020, 11:46:28    50    https://glosbe.com/vi/en/%22c%C3%BA%22
04/02/2020, 11:47:37    23    https://glosbe.com/vi/en/%22b%E1%BB%93%20c%C3%A2u%20nh%E1%BB%8F%22
04/02/2020, 11:48:34    24    https://glosbe.com/vi/en/%22dd%E1%BA%A5t%20%C4%91en%22
04/02/2020, 11:52:10    161    https://glosbe.com/vi/en/%22anh%20c%C5%A9ng%20l%C3%A0m%20th%E1%BA%BF%22
04/02/2020, 11:58:08    48    https://glosbe.com/vi/en/%22l%C3%AAn%20l%E1%BB%9Bp%22
04/02/2020, 12:02:01    47    https://glosbe.com/vi/en/%22b%C6%B0%E1%BB%9Bc%20sang%20trang%20m%E1%BB%9Bi%22
04/02/2020, 12:03:05    3    https://glosbe.com/vi/en/%28%C3%A1o%29%20c%E1%BB%95%20y%E1%BA%BFm
04/02/2020, 12:04:08    22    https://glosbe.com/vi/en/%28c%C3%A2y%29%20chu%E1%BB%91i
04/02/2020, 12:04:42    0    https://glosbe.com/vi/en/%E2%80%99estimeit%252F
04/02/2020, 12:06:30    50    https://glosbe.com/vi/en/%22tr%E1%BB%A9ng%22
04/02/2020, 12:09:31    48    https://glosbe.com/vi/en/%22b%E1%BB%8F%20t%C3%BAi%22
04/02/2020, 12:11:26    0    https://glosbe.com/vi/en/%22I'll%20see%20you%20tomorrow,John'
04/02/2020, 12:13:09    25    https://glosbe.com/vi/en/%22%20Anh%20c%C5%A9ng%20th%E1%BA%BF%22
04/02/2020, 12:16:43    38    https://glosbe.com/vi/en/%22%E1%BA%BE%CC%83
04/02/2020, 12:17:46    0    https://glosbe.com/vi/en/%E2%80%99d%CA%A4emineit%252F
04/02/2020, 12:19:07    0    https://glosbe.com/vi/en/%E2%80%99k%C9%94nsikreit%252F
04/02/2020, 12:24:54    69    https://glosbe.com/vi/en/%22b%C3%A1m%20%C4%91%C3%ADt%22
04/02/2020, 12:25:52    25    https://glosbe.com/vi/en/%22%C4%91%C3%B2n%22
04/02/2020, 12:35:32    124    https://glosbe.com/vi/en/%22m%C3%A8o%22
04/02/2020, 12:39:43    74    https://glosbe.com/vi/en/%22mi%E1%BA%BFng%22
04/02/2020, 12:42:20    49    https://glosbe.com/vi/en/%22%20M%E1%BB%93%20h%C3%B4i%22
04/02/2020, 12:47:19    75    https://glosbe.com/vi/en/%22ng%C6%B0%E1%BB%9Di%20r%E1%BA%AFn%22
04/02/2020, 12:56:41    174    https://glosbe.com/vi/en/%22c%C3%BA%22
04/02/2020, 12:57:56    0    https://glosbe.com/vi/en/%22l%C3%AAn%20l%E1%BB%9Bp%22%20t%E1%BA%BB%20ng%E1%BA%AFt
04/02/2020, 12:59:40    25    https://glosbe.com/vi/en/%22%C4%91%C3%B3ng%20k%E1%BB%8Bch%22
04/02/2020, 13:00:54    24    https://glosbe.com/vi/en/%22dd%E1%BA%A5t%20%C4%91en%22
04/02/2020, 13:07:46    171    https://glosbe.com/vi/en/%22%C4%91%C3%B2n%22
04/02/2020, 13:08:49    25    https://glosbe.com/vi/en/%22%C4%91%C3%B3ng%20k%E1%BB%8Bch%22
04/02/2020, 13:13:14    38    https://glosbe.com/vi/en/%22%E1%BA%BE%CC%83
04/02/2020, 13:13:47    0    https://glosbe.com/vi/en/%22I'll%20see%20you%20tomorrow,John'
04/02/2020, 13:17:02    173    https://glosbe.com/vi/en/%22l%C3%AAn%20l%E1%BB%9Bp%22
04/02/2020, 13:17:09    0    https://glosbe.com/vi/en/%22l%C3%AAn%20l%E1%BB%9Bp%22%20t%E1%BA%BB%20ng%E1%BA%AFt
04/02/2020, 13:21:51    173    https://glosbe.com/vi/en/%22m%C3%A8o%22
04/02/2020, 13:28:34    174    https://glosbe.com/vi/en/%22mi%E1%BA%BFng%22
04/02/2020, 13:34:51    168    https://glosbe.com/vi/en/%22ng%C6%B0%E1%BB%9Di%20r%E1%BA%AFn%22
04/02/2020, 13:37:56    50    https://glosbe.com/vi/en/%22tr%E1%BB%A9ng%22
04/02/2020, 13:39:20    3    https://glosbe.com/vi/en/%28%C3%A1o%29%20c%E1%BB%95%20y%E1%BA%BFm
04/02/2020, 13:44:00    168    https://glosbe.com/vi/en/%28c%C3%A2y%29%20chu%E1%BB%91i
04/02/2020, 13:45:59    171    https://glosbe.com/vi/en/%28con%29%20v%E1%BB%8Bt
04/02/2020, 13:49:45    96    https://glosbe.com/vi/en/%28danh%20t%E1%BB%AB%29%20b%E1%BB%99%20l%E1%BB%8Dc
04/02/2020, 13:53:35    124    https://glosbe.com/vi/en/%28%C4%91%E1%BB%A9c%29%20h%E1%BB%93ng%20y
04/02/2020, 13:57:31    161    https://glosbe.com/vi/en/%22anh%20c%C5%A9ng%20l%C3%A0m%20th%E1%BA%BF%22
04/02/2020, 14:02:17    168    https://glosbe.com/vi/en/%22b%C3%A0%20x%C3%A3%22
04/02/2020, 14:04:22    94    https://glosbe.com/vi/en/%22b%C3%A1m%20%C4%91%C3%ADt%22
